2025-08-21 18:04:56,785 - INFO - Starting SHODes Framework
2025-08-21 18:04:56,786 - INFO - Generated data for mecpot
2025-08-21 18:04:57,089 - INFO - Saved Data to data/mecpot_data.csv
2025-08-21 18:04:57,151 - INFO - Generated data for genpot1
2025-08-21 18:04:57,362 - INFO - Saved Data to data/genpot1_data.csv
2025-08-21 18:04:57,432 - INFO - Generated data for genpot2
2025-08-21 18:04:57,690 - INFO - Saved Data to data/genpot2_data.csv
2025-08-21 18:04:57,746 - INFO - Generated data for genpot3
2025-08-21 18:04:57,927 - INFO - Saved Data to data/genpot3_data.csv
2025-08-21 18:05:11,379 - INFO - Training PINNs for mecpot
2025-08-21 18:05:11,812 - WARNING - Calling GradientTape.gradient on a persistent tape inside its context is significantly less efficient than calling it outside the context (it causes the gradient ops to be recorded on the tape, leading to increased CPU and memory usage). Only call GradientTape.gradient inside the context if you actually want to trace the gradient in order to compute higher order derivatives.
2025-08-21 18:05:11,875 - WARNING - Calling GradientTape.gradient on a persistent tape inside its context is significantly less efficient than calling it outside the context (it causes the gradient ops to be recorded on the tape, leading to increased CPU and memory usage). Only call GradientTape.gradient inside the context if you actually want to trace the gradient in order to compute higher order derivatives.
2025-08-21 18:05:12,019 - INFO - mecpot PINN1, Epoch 0, Loss: 0.0277
2025-08-21 18:05:21,898 - INFO - mecpot PINN1, Epoch 100, Loss: 0.0124
2025-08-21 18:05:31,718 - INFO - mecpot PINN1, Epoch 200, Loss: 0.0115
2025-08-21 18:05:41,625 - INFO - mecpot PINN1, Epoch 300, Loss: 0.0104
2025-08-21 18:05:51,517 - INFO - mecpot PINN1, Epoch 400, Loss: 0.0088
2025-08-21 18:06:01,406 - INFO - mecpot PINN1, Epoch 500, Loss: 0.0075
2025-08-21 18:06:11,316 - INFO - mecpot PINN1, Epoch 600, Loss: 0.0072
2025-08-21 18:06:21,178 - INFO - mecpot PINN1, Epoch 700, Loss: 0.0070
2025-08-21 18:06:31,009 - INFO - mecpot PINN1, Epoch 800, Loss: 0.0069
2025-08-21 18:06:40,871 - INFO - mecpot PINN1, Epoch 900, Loss: 0.0069
2025-08-21 18:06:50,710 - INFO - mecpot PINN1, Epoch 1000, Loss: 0.0069
2025-08-21 18:07:00,573 - INFO - mecpot PINN1, Epoch 1100, Loss: 0.0068
2025-08-21 18:07:10,428 - INFO - mecpot PINN1, Epoch 1200, Loss: 0.0068
2025-08-21 18:07:20,315 - INFO - mecpot PINN1, Epoch 1300, Loss: 0.0068
2025-08-21 18:07:30,169 - INFO - mecpot PINN1, Epoch 1400, Loss: 0.0068
2025-08-21 18:07:39,944 - INFO - Saved PINN 1 for mecpot
2025-08-21 18:07:40,064 - INFO - mecpot PINN2, Epoch 0, Loss: 0.6522
2025-08-21 18:07:49,967 - INFO - mecpot PINN2, Epoch 100, Loss: 0.0037
2025-08-21 18:07:59,913 - INFO - mecpot PINN2, Epoch 200, Loss: 0.0035
2025-08-21 18:08:09,843 - INFO - mecpot PINN2, Epoch 300, Loss: 0.0034
2025-08-21 18:08:19,777 - INFO - mecpot PINN2, Epoch 400, Loss: 0.0032
2025-08-21 18:08:29,747 - INFO - mecpot PINN2, Epoch 500, Loss: 0.0029
2025-08-21 18:08:39,702 - INFO - mecpot PINN2, Epoch 600, Loss: 0.0024
2025-08-21 18:08:49,631 - INFO - mecpot PINN2, Epoch 700, Loss: 0.0022
2025-08-21 18:08:59,570 - INFO - mecpot PINN2, Epoch 800, Loss: 0.0021
2025-08-21 18:09:09,477 - INFO - mecpot PINN2, Epoch 900, Loss: 0.0021
2025-08-21 18:09:19,377 - INFO - mecpot PINN2, Epoch 1000, Loss: 0.0021
2025-08-21 18:09:29,239 - INFO - mecpot PINN2, Epoch 1100, Loss: 0.0021
2025-08-21 18:09:39,071 - INFO - mecpot PINN2, Epoch 1200, Loss: 0.0022
2025-08-21 18:09:48,907 - INFO - mecpot PINN2, Epoch 1300, Loss: 0.0021
2025-08-21 18:09:58,745 - INFO - mecpot PINN2, Epoch 1400, Loss: 0.0021
2025-08-21 18:10:08,519 - INFO - Saved PINN 2 for mecpot
2025-08-21 18:10:08,638 - INFO - mecpot PINN3, Epoch 0, Loss: 0.1712
2025-08-21 18:10:18,485 - INFO - mecpot PINN3, Epoch 100, Loss: 0.0058
2025-08-21 18:10:28,308 - INFO - mecpot PINN3, Epoch 200, Loss: 0.0056
2025-08-21 18:10:38,084 - INFO - mecpot PINN3, Epoch 300, Loss: 0.0055
2025-08-21 18:10:47,894 - INFO - mecpot PINN3, Epoch 400, Loss: 0.0054
2025-08-21 18:10:57,680 - INFO - mecpot PINN3, Epoch 500, Loss: 0.0052
2025-08-21 18:11:07,534 - INFO - mecpot PINN3, Epoch 600, Loss: 0.0049
2025-08-21 18:11:17,333 - INFO - mecpot PINN3, Epoch 700, Loss: 0.0043
2025-08-21 18:11:27,178 - INFO - mecpot PINN3, Epoch 800, Loss: 0.0036
2025-08-21 18:11:36,970 - INFO - mecpot PINN3, Epoch 900, Loss: 0.0035
2025-08-21 18:11:46,793 - INFO - mecpot PINN3, Epoch 1000, Loss: 0.0034
2025-08-21 18:11:56,644 - INFO - mecpot PINN3, Epoch 1100, Loss: 0.0034
2025-08-21 18:12:06,451 - INFO - mecpot PINN3, Epoch 1200, Loss: 0.0034
2025-08-21 18:12:16,236 - INFO - mecpot PINN3, Epoch 1300, Loss: 0.0034
2025-08-21 18:12:26,038 - INFO - mecpot PINN3, Epoch 1400, Loss: 0.0034
2025-08-21 18:12:35,765 - INFO - Saved PINN 3 for mecpot
2025-08-21 18:12:35,885 - INFO - mecpot PINN4, Epoch 0, Loss: 0.5985
2025-08-21 18:12:45,700 - INFO - mecpot PINN4, Epoch 100, Loss: 0.0025
2025-08-21 18:12:55,480 - INFO - mecpot PINN4, Epoch 200, Loss: 0.0022
2025-08-21 18:13:05,300 - INFO - mecpot PINN4, Epoch 300, Loss: 0.0021
2025-08-21 18:13:15,106 - INFO - mecpot PINN4, Epoch 400, Loss: 0.0020
2025-08-21 18:13:24,909 - INFO - mecpot PINN4, Epoch 500, Loss: 0.0020
2025-08-21 18:13:34,721 - INFO - mecpot PINN4, Epoch 600, Loss: 0.0019
2025-08-21 18:13:44,557 - INFO - mecpot PINN4, Epoch 700, Loss: 0.0018
2025-08-21 18:13:54,356 - INFO - mecpot PINN4, Epoch 800, Loss: 0.0017
2025-08-21 18:14:04,180 - INFO - mecpot PINN4, Epoch 900, Loss: 0.0016
2025-08-21 18:14:13,995 - INFO - mecpot PINN4, Epoch 1000, Loss: 0.0015
2025-08-21 18:14:23,781 - INFO - mecpot PINN4, Epoch 1100, Loss: 0.0014
2025-08-21 18:14:33,537 - INFO - mecpot PINN4, Epoch 1200, Loss: 0.0014
2025-08-21 18:14:43,276 - INFO - mecpot PINN4, Epoch 1300, Loss: 0.0014
2025-08-21 18:14:52,910 - INFO - mecpot PINN4, Epoch 1400, Loss: 0.0013
2025-08-21 18:15:02,537 - INFO - Saved PINN 4 for mecpot
2025-08-21 18:15:02,654 - INFO - mecpot PINN5, Epoch 0, Loss: 0.0075
2025-08-21 18:15:12,320 - INFO - mecpot PINN5, Epoch 100, Loss: 0.0050
2025-08-21 18:15:22,045 - INFO - mecpot PINN5, Epoch 200, Loss: 0.0042
2025-08-21 18:15:31,752 - INFO - mecpot PINN5, Epoch 300, Loss: 0.0039
2025-08-21 18:15:41,452 - INFO - mecpot PINN5, Epoch 400, Loss: 0.0037
2025-08-21 18:15:51,142 - INFO - mecpot PINN5, Epoch 500, Loss: 0.0034
2025-08-21 18:16:00,841 - INFO - mecpot PINN5, Epoch 600, Loss: 0.0032
2025-08-21 18:16:10,540 - INFO - mecpot PINN5, Epoch 700, Loss: 0.0030
2025-08-21 18:16:20,242 - INFO - mecpot PINN5, Epoch 800, Loss: 0.0028
2025-08-21 18:16:29,933 - INFO - mecpot PINN5, Epoch 900, Loss: 0.0028
2025-08-21 18:16:39,593 - INFO - mecpot PINN5, Epoch 1000, Loss: 0.0027
2025-08-21 18:16:49,235 - INFO - mecpot PINN5, Epoch 1100, Loss: 0.0027
2025-08-21 18:16:58,885 - INFO - mecpot PINN5, Epoch 1200, Loss: 0.0027
2025-08-21 18:17:08,569 - INFO - mecpot PINN5, Epoch 1300, Loss: 0.0027
2025-08-21 18:17:18,187 - INFO - mecpot PINN5, Epoch 1400, Loss: 0.0026
2025-08-21 18:17:27,766 - INFO - Saved PINN 5 for mecpot
2025-08-21 18:17:27,883 - INFO - mecpot PINN6, Epoch 0, Loss: 0.1779
2025-08-21 18:17:37,541 - INFO - mecpot PINN6, Epoch 100, Loss: 0.0065
2025-08-21 18:17:47,225 - INFO - mecpot PINN6, Epoch 200, Loss: 0.0061
2025-08-21 18:17:56,868 - INFO - mecpot PINN6, Epoch 300, Loss: 0.0057
2025-08-21 18:18:06,519 - INFO - mecpot PINN6, Epoch 400, Loss: 0.0053
2025-08-21 18:18:16,177 - INFO - mecpot PINN6, Epoch 500, Loss: 0.0047
2025-08-21 18:18:25,889 - INFO - mecpot PINN6, Epoch 600, Loss: 0.0042
2025-08-21 18:18:35,542 - INFO - mecpot PINN6, Epoch 700, Loss: 0.0040
2025-08-21 18:18:45,180 - INFO - mecpot PINN6, Epoch 800, Loss: 0.0040
2025-08-21 18:18:54,866 - INFO - mecpot PINN6, Epoch 900, Loss: 0.0039
2025-08-21 18:19:04,520 - INFO - mecpot PINN6, Epoch 1000, Loss: 0.0039
2025-08-21 18:19:14,273 - INFO - mecpot PINN6, Epoch 1100, Loss: 0.0039
2025-08-21 18:19:23,948 - INFO - mecpot PINN6, Epoch 1200, Loss: 0.0039
2025-08-21 18:19:33,625 - INFO - mecpot PINN6, Epoch 1300, Loss: 0.0039
2025-08-21 18:19:43,280 - INFO - mecpot PINN6, Epoch 1400, Loss: 0.0039
2025-08-21 18:19:52,893 - INFO - Saved PINN 6 for mecpot
2025-08-21 18:19:53,009 - INFO - mecpot PINN7, Epoch 0, Loss: 1.8750
2025-08-21 18:20:02,777 - INFO - mecpot PINN7, Epoch 100, Loss: 0.0104
2025-08-21 18:20:12,538 - INFO - mecpot PINN7, Epoch 200, Loss: 0.0097
2025-08-21 18:20:22,275 - INFO - mecpot PINN7, Epoch 300, Loss: 0.0088
2025-08-21 18:20:32,093 - INFO - mecpot PINN7, Epoch 400, Loss: 0.0075
2025-08-21 18:20:41,893 - INFO - mecpot PINN7, Epoch 500, Loss: 0.0067
2025-08-21 18:20:51,625 - INFO - mecpot PINN7, Epoch 600, Loss: 0.0065
2025-08-21 18:21:01,375 - INFO - mecpot PINN7, Epoch 700, Loss: 0.0063
2025-08-21 18:21:11,154 - INFO - mecpot PINN7, Epoch 800, Loss: 0.0063
2025-08-21 18:21:20,883 - INFO - mecpot PINN7, Epoch 900, Loss: 0.0062
2025-08-21 18:21:30,615 - INFO - mecpot PINN7, Epoch 1000, Loss: 0.0062
2025-08-21 18:21:40,338 - INFO - mecpot PINN7, Epoch 1100, Loss: 0.0062
2025-08-21 18:21:50,143 - INFO - mecpot PINN7, Epoch 1200, Loss: 0.0062
2025-08-21 18:21:59,879 - INFO - mecpot PINN7, Epoch 1300, Loss: 0.0062
2025-08-21 18:22:09,634 - INFO - mecpot PINN7, Epoch 1400, Loss: 0.0062
2025-08-21 18:22:19,269 - INFO - Saved PINN 7 for mecpot
2025-08-21 18:22:19,386 - INFO - mecpot PINN8, Epoch 0, Loss: 0.7407
2025-08-21 18:22:29,201 - INFO - mecpot PINN8, Epoch 100, Loss: 0.0211
2025-08-21 18:22:39,021 - INFO - mecpot PINN8, Epoch 200, Loss: 0.0204
2025-08-21 18:22:48,820 - INFO - mecpot PINN8, Epoch 300, Loss: 0.0195
2025-08-21 18:22:58,572 - INFO - mecpot PINN8, Epoch 400, Loss: 0.0168
2025-08-21 18:23:08,288 - INFO - mecpot PINN8, Epoch 500, Loss: 0.0127
2025-08-21 18:23:18,119 - INFO - mecpot PINN8, Epoch 600, Loss: 0.0125
2025-08-21 18:23:27,952 - INFO - mecpot PINN8, Epoch 700, Loss: 0.0125
2025-08-21 18:23:37,667 - INFO - mecpot PINN8, Epoch 800, Loss: 0.0125
2025-08-21 18:23:47,376 - INFO - mecpot PINN8, Epoch 900, Loss: 0.0124
2025-08-21 18:23:57,090 - INFO - mecpot PINN8, Epoch 1000, Loss: 0.0124
2025-08-21 18:24:06,802 - INFO - mecpot PINN8, Epoch 1100, Loss: 0.0124
2025-08-21 18:24:16,551 - INFO - mecpot PINN8, Epoch 1200, Loss: 0.0124
2025-08-21 18:24:26,296 - INFO - mecpot PINN8, Epoch 1300, Loss: 0.0124
2025-08-21 18:24:36,046 - INFO - mecpot PINN8, Epoch 1400, Loss: 0.0124
2025-08-21 18:24:45,660 - INFO - Saved PINN 8 for mecpot
2025-08-21 18:24:45,786 - INFO - mecpot PINN9, Epoch 0, Loss: 1.3800
2025-08-21 18:24:55,622 - INFO - mecpot PINN9, Epoch 100, Loss: 0.0157
2025-08-21 18:25:05,446 - INFO - mecpot PINN9, Epoch 200, Loss: 0.0145
2025-08-21 18:25:15,290 - INFO - mecpot PINN9, Epoch 300, Loss: 0.0127
2025-08-21 18:25:25,120 - INFO - mecpot PINN9, Epoch 400, Loss: 0.0106
2025-08-21 18:25:34,954 - INFO - mecpot PINN9, Epoch 500, Loss: 0.0100
2025-08-21 18:25:44,776 - INFO - mecpot PINN9, Epoch 600, Loss: 0.0097
2025-08-21 18:25:54,600 - INFO - mecpot PINN9, Epoch 700, Loss: 0.0096
2025-08-21 18:26:04,486 - INFO - mecpot PINN9, Epoch 800, Loss: 0.0096
2025-08-21 18:26:14,363 - INFO - mecpot PINN9, Epoch 900, Loss: 0.0095
2025-08-21 18:26:24,168 - INFO - mecpot PINN9, Epoch 1000, Loss: 0.0095
2025-08-21 18:26:34,016 - INFO - mecpot PINN9, Epoch 1100, Loss: 0.0095
2025-08-21 18:26:43,835 - INFO - mecpot PINN9, Epoch 1200, Loss: 0.0095
2025-08-21 18:26:53,658 - INFO - mecpot PINN9, Epoch 1300, Loss: 0.0095
2025-08-21 18:27:03,586 - INFO - mecpot PINN9, Epoch 1400, Loss: 0.0095
2025-08-21 18:27:13,388 - INFO - Saved PINN 9 for mecpot
2025-08-21 18:27:13,506 - INFO - mecpot PINN10, Epoch 0, Loss: 0.1334
2025-08-21 18:27:23,380 - INFO - mecpot PINN10, Epoch 100, Loss: 0.0157
2025-08-21 18:27:33,249 - INFO - mecpot PINN10, Epoch 200, Loss: 0.0145
2025-08-21 18:27:43,107 - INFO - mecpot PINN10, Epoch 300, Loss: 0.0135
2025-08-21 18:27:53,029 - INFO - mecpot PINN10, Epoch 400, Loss: 0.0120
2025-08-21 18:28:03,117 - INFO - mecpot PINN10, Epoch 500, Loss: 0.0104
2025-08-21 18:28:08,059 - INFO - Saved trajectory plot for mecpot
2025-08-21 18:28:08,588 - INFO - Saved trajectory plot for genpot1
2025-08-21 18:28:09,070 - INFO - Saved trajectory plot for genpot2
2025-08-21 18:28:09,562 - INFO - Saved trajectory plot for genpot3
2025-08-21 18:28:09,562 - WARNING - Data file not found: data/genpot4_data.csv
2025-08-21 18:28:09,562 - WARNING - Data file not found: data/genpot5_data.csv
2025-08-21 18:28:09,563 - WARNING - Data file not found: data/genpot6_data.csv
2025-08-21 18:28:09,563 - WARNING - Data file not found: data/genpot7_data.csv
2025-08-21 18:28:09,563 - WARNING - Data file not found: data/genpot8_data.csv
2025-08-21 18:28:09,563 - WARNING - Data file not found: data/genpot9_data.csv
2025-08-21 18:28:09,563 - WARNING - Data file not found: data/genpot10_data.csv
2025-08-21 18:28:09,563 - WARNING - Data file not found: data/genpot11_data.csv
2025-08-21 18:28:09,563 - WARNING - Data file not found: data/genpot12_data.csv
2025-08-21 18:28:09,563 - WARNING - Data file not found: data/genpot13_data.csv
2025-08-21 18:28:09,563 - WARNING - Data file not found: data/genpot14_data.csv
2025-08-21 18:28:09,563 - WARNING - Data file not found: data/genpot15_data.csv
2025-08-21 18:28:09,563 - WARNING - Data file not found: data/genpot16_data.csv
2025-08-21 18:28:09,563 - WARNING - Data file not found: data/genpot17_data.csv
2025-08-21 18:28:09,563 - WARNING - Data file not found: data/genpot18_data.csv
2025-08-21 18:28:09,563 - WARNING - Data file not found: data/genpot19_data.csv
2025-08-21 18:28:09,563 - WARNING - Data file not found: data/genpot20_data.csv
2025-08-21 18:28:09,563 - WARNING - Data file not found: data/genpot21_data.csv
2025-08-21 18:28:09,564 - WARNING - Data file not found: data/genpot22_data.csv
2025-08-21 18:28:09,564 - WARNING - Data file not found: data/genpot23_data.csv
2025-08-21 18:28:09,564 - WARNING - Data file not found: data/genpot24_data.csv
2025-08-21 18:28:09,809 - INFO - Saved potential plot for mecpot
2025-08-21 18:28:10,041 - INFO - Saved potential plot for genpot1
2025-08-21 18:28:10,279 - INFO - Saved potential plot for genpot2
2025-08-21 18:28:10,533 - INFO - Saved potential plot for genpot3
2025-08-21 18:28:10,533 - WARNING - Data file not found: data/genpot4_data.csv
2025-08-21 18:28:10,533 - WARNING - Data file not found: data/genpot5_data.csv
2025-08-21 18:28:10,533 - WARNING - Data file not found: data/genpot6_data.csv
2025-08-21 18:28:10,533 - WARNING - Data file not found: data/genpot7_data.csv
2025-08-21 18:28:10,533 - WARNING - Data file not found: data/genpot8_data.csv
2025-08-21 18:28:10,533 - WARNING - Data file not found: data/genpot9_data.csv
2025-08-21 18:28:10,533 - WARNING - Data file not found: data/genpot10_data.csv
2025-08-21 18:28:10,533 - WARNING - Data file not found: data/genpot11_data.csv
2025-08-21 18:28:10,533 - WARNING - Data file not found: data/genpot12_data.csv
2025-08-21 18:28:10,533 - WARNING - Data file not found: data/genpot13_data.csv
2025-08-21 18:28:10,534 - WARNING - Data file not found: data/genpot14_data.csv
2025-08-21 18:28:10,534 - WARNING - Data file not found: data/genpot15_data.csv
2025-08-21 18:28:10,534 - WARNING - Data file not found: data/genpot16_data.csv
2025-08-21 18:28:10,534 - WARNING - Data file not found: data/genpot17_data.csv
2025-08-21 18:28:10,534 - WARNING - Data file not found: data/genpot18_data.csv
2025-08-21 18:28:10,534 - WARNING - Data file not found: data/genpot19_data.csv
2025-08-21 18:28:10,534 - WARNING - Data file not found: data/genpot20_data.csv
2025-08-21 18:28:10,534 - WARNING - Data file not found: data/genpot21_data.csv
2025-08-21 18:28:10,534 - WARNING - Data file not found: data/genpot22_data.csv
2025-08-21 18:28:10,534 - WARNING - Data file not found: data/genpot23_data.csv
2025-08-21 18:28:10,534 - WARNING - Data file not found: data/genpot24_data.csv
2025-08-21 18:28:11,022 - INFO - Saved loss plot for mecpot
2025-08-21 18:28:11,453 - INFO - Saved loss plot for genpot1
2025-08-21 18:28:11,902 - INFO - Saved loss plot for genpot2
2025-08-21 18:28:12,435 - INFO - Saved loss plot for genpot3
2025-08-21 18:28:12,436 - WARNING - No loss data found for genpot4
2025-08-21 18:28:12,437 - WARNING - No loss data found for genpot5
2025-08-21 18:28:12,437 - WARNING - No loss data found for genpot6
2025-08-21 18:28:12,438 - WARNING - No loss data found for genpot7
2025-08-21 18:28:12,438 - WARNING - No loss data found for genpot8
2025-08-21 18:28:12,439 - WARNING - No loss data found for genpot9
2025-08-21 18:28:12,439 - WARNING - No loss data found for genpot10
2025-08-21 18:28:12,440 - WARNING - No loss data found for genpot11
2025-08-21 18:28:12,440 - WARNING - No loss data found for genpot12
2025-08-21 18:28:12,441 - WARNING - No loss data found for genpot13
2025-08-21 18:28:12,441 - WARNING - No loss data found for genpot14
2025-08-21 18:28:12,442 - WARNING - No loss data found for genpot15
2025-08-21 18:28:12,442 - WARNING - No loss data found for genpot16
2025-08-21 18:28:12,443 - WARNING - No loss data found for genpot17
2025-08-21 18:28:12,443 - WARNING - No loss data found for genpot18
2025-08-21 18:28:12,444 - WARNING - No loss data found for genpot19
2025-08-21 18:28:12,444 - WARNING - No loss data found for genpot20
2025-08-21 18:28:12,445 - WARNING - No loss data found for genpot21
2025-08-21 18:28:12,445 - WARNING - No loss data found for genpot22
2025-08-21 18:28:12,446 - WARNING - No loss data found for genpot23
2025-08-21 18:28:12,446 - WARNING - No loss data found for genpot24
2025-08-21 18:28:14,182 - INFO - mecpot PINN10, Epoch 600, Loss: 0.0097
2025-08-21 18:28:24,130 - INFO - mecpot PINN10, Epoch 700, Loss: 0.0094
2025-08-21 18:28:34,166 - INFO - mecpot PINN10, Epoch 800, Loss: 0.0093
2025-08-21 18:28:44,155 - INFO - mecpot PINN10, Epoch 900, Loss: 0.0092
